<?xml version="1.0" encoding="UTF-8"?>
<!-- Generated by org.testng.reporters.JUnitReportReporter -->
<testsuite hostname="MH30031711" name="hybrid.TestExecution" tests="2" failures="0" timestamp="22 Dec 2017 09:55:13 GMT" time="11.876" errors="0">
  <testcase name="testLogin" time="1.261" classname="hybrid.TestExecution"/>
  <testcase name="testLogin" time="10.615" classname="hybrid.TestExecution"/>
</testsuite> <!-- hybrid.TestExecution -->
